[2012-11-20 00:42:15] request.ERROR: Symfony\Component\HttpKernel\Exception\NotFoundHttpException: No route found for "GET /" (uncaught exception) at /opt/lampp/htdocs/qiiss/vendor/symfony/symfony/src/Symfony/Component/HttpKernel/EventListener/RouterListener.php line 92 [] []
[2012-11-20 00:49:49] request.ERROR: Symfony\Component\HttpKernel\Exception\NotFoundHttpException: No route found for "GET /" (uncaught exception) at /opt/lampp/htdocs/qiiss/vendor/symfony/symfony/src/Symfony/Component/HttpKernel/EventListener/RouterListener.php line 92 [] []
[2012-11-20 00:50:28] request.ERROR: Symfony\Component\HttpKernel\Exception\NotFoundHttpException: No route found for "GET /" (uncaught exception) at /opt/lampp/htdocs/qiiss/app/cache/prod/classes.php line 5078 [] []
[2012-11-20 01:03:59] request.ERROR: Symfony\Component\HttpKernel\Exception\NotFoundHttpException: No route found for "GET /app_.php/home" (uncaught exception) at /opt/lampp/htdocs/qiiss/vendor/symfony/symfony/src/Symfony/Component/HttpKernel/EventListener/RouterListener.php line 92 [] []
[2012-11-20 01:30:13] request.ERROR: Symfony\Component\HttpKernel\Exception\NotFoundHttpException: No route found for "GET /" (uncaught exception) at /opt/lampp/htdocs/qiiss/vendor/symfony/symfony/src/Symfony/Component/HttpKernel/EventListener/RouterListener.php line 92 [] []
[2012-11-20 01:53:33] request.ERROR: Symfony\Component\HttpKernel\Exception\NotFoundHttpException: No route found for "GET /bundles/qiissgeneral/js/splash.js" (uncaught exception) at /opt/lampp/htdocs/qiiss/vendor/symfony/symfony/src/Symfony/Component/HttpKernel/EventListener/RouterListener.php line 92 [] []
[2012-11-20 01:54:59] request.ERROR: Symfony\Component\HttpKernel\Exception\NotFoundHttpException: No route found for "GET /bundles/qiissgeneral/js/splash.js" (uncaught exception) at /opt/lampp/htdocs/qiiss/app/cache/prod/classes.php line 5078 [] []
[2012-11-20 01:57:17] request.ERROR: Symfony\Component\HttpKernel\Exception\NotFoundHttpException: No route found for "GET /bundles/qiissgeneral/js/splash.js" (uncaught exception) at /opt/lampp/htdocs/qiiss/app/cache/prod/classes.php line 5078 [] []
[2012-11-20 01:59:46] request.ERROR: Symfony\Component\HttpKernel\Exception\NotFoundHttpException: No route found for "GET /bundles/qiissgeneral/js/splash.js" (uncaught exception) at /opt/lampp/htdocs/qiiss/app/cache/prod/classes.php line 5078 [] []
[2012-11-20 02:00:50] request.ERROR: Symfony\Component\HttpKernel\Exception\NotFoundHttpException: No route found for "GET /bundles/qiissgeneral/images/home-page-images/message5.jpg" (uncaught exception) at /opt/lampp/htdocs/qiiss/app/cache/prod/classes.php line 5078 [] []
[2012-11-20 02:00:50] request.ERROR: Symfony\Component\HttpKernel\Exception\NotFoundHttpException: No route found for "GET /bundles/qiissgeneral/js/splash.js" (uncaught exception) at /opt/lampp/htdocs/qiiss/app/cache/prod/classes.php line 5078 [] []
[2012-11-20 02:00:50] request.ERROR: Symfony\Component\HttpKernel\Exception\NotFoundHttpException: No route found for "GET /bundles/qiissgeneral/images/home-page-images/message5.jpg" (uncaught exception) at /opt/lampp/htdocs/qiiss/app/cache/prod/classes.php line 5078 [] []
[2012-11-20 02:01:21] request.ERROR: Symfony\Component\HttpKernel\Exception\NotFoundHttpException: No route found for "GET /bundles/qiissgeneral/images/home-page-images/message5.jpg" (uncaught exception) at /opt/lampp/htdocs/qiiss/app/cache/prod/classes.php line 5078 [] []
[2012-11-20 02:01:21] request.ERROR: Symfony\Component\HttpKernel\Exception\NotFoundHttpException: No route found for "GET /bundles/qiissgeneral/images/home-page-images/message3.jpg" (uncaught exception) at /opt/lampp/htdocs/qiiss/app/cache/prod/classes.php line 5078 [] []
[2012-11-20 02:01:21] request.ERROR: Symfony\Component\HttpKernel\Exception\NotFoundHttpException: No route found for "GET /bundles/qiissgeneral/js/splash.js" (uncaught exception) at /opt/lampp/htdocs/qiiss/app/cache/prod/classes.php line 5078 [] []
[2012-11-20 02:03:25] request.ERROR: Symfony\Component\HttpKernel\Exception\NotFoundHttpException: No route found for "GET /bundles/qiissgeneral/images/home-page-images/message5.jpg" (uncaught exception) at /opt/lampp/htdocs/qiiss/app/cache/prod/classes.php line 5078 [] []
[2012-11-20 02:03:25] request.ERROR: Symfony\Component\HttpKernel\Exception\NotFoundHttpException: No route found for "GET /bundles/qiissgeneral/images/home-page-images/message3.jpg" (uncaught exception) at /opt/lampp/htdocs/qiiss/app/cache/prod/classes.php line 5078 [] []
[2012-11-20 02:03:41] request.ERROR: Symfony\Component\HttpKernel\Exception\NotFoundHttpException: No route found for "GET /bundles/qiissgeneral/images/home-page-images/message5.jpg" (uncaught exception) at /opt/lampp/htdocs/qiiss/app/cache/prod/classes.php line 5078 [] []
[2012-11-20 02:03:41] request.ERROR: Symfony\Component\HttpKernel\Exception\NotFoundHttpException: No route found for "GET /bundles/qiissgeneral/images/home-page-images/message3.jpg" (uncaught exception) at /opt/lampp/htdocs/qiiss/app/cache/prod/classes.php line 5078 [] []
[2012-11-20 02:04:15] request.ERROR: Symfony\Component\HttpKernel\Exception\NotFoundHttpException: No route found for "GET /bundles/qiissgeneral/images/home-page-images/message5.jpg" (uncaught exception) at /opt/lampp/htdocs/qiiss/app/cache/prod/classes.php line 5078 [] []
[2012-11-20 02:07:27] request.ERROR: Symfony\Component\HttpKernel\Exception\NotFoundHttpException: No route found for "GET /bundles/qiissgeneral/images/home-page-images/message3.jpg" (uncaught exception) at /opt/lampp/htdocs/qiiss/app/cache/prod/classes.php line 5078 [] []
[2012-11-20 02:07:27] request.ERROR: Symfony\Component\HttpKernel\Exception\NotFoundHttpException: No route found for "GET /bundles/qiissgeneral/images/home-page-images/message5.jpg" (uncaught exception) at /opt/lampp/htdocs/qiiss/app/cache/prod/classes.php line 5078 [] []
[2012-11-20 02:07:34] request.ERROR: Symfony\Component\HttpKernel\Exception\NotFoundHttpException: No route found for "GET /bundles/qiissgeneral/images/home-page-images/message3.jpg" (uncaught exception) at /opt/lampp/htdocs/qiiss/app/cache/prod/classes.php line 5078 [] []
[2012-11-20 02:08:33] request.ERROR: Symfony\Component\HttpKernel\Exception\NotFoundHttpException: No route found for "GET /bundles/qiissgeneral/images/home-page-images/message5.jpg" (uncaught exception) at /opt/lampp/htdocs/qiiss/app/cache/prod/classes.php line 5078 [] []
[2012-11-20 02:09:50] request.ERROR: Symfony\Component\HttpKernel\Exception\NotFoundHttpException: No route found for "GET /bundles/qiissgeneral/images/message5.jpg" (uncaught exception) at /opt/lampp/htdocs/qiiss/app/cache/prod/classes.php line 5078 [] []
[2012-11-20 02:09:50] request.ERROR: Symfony\Component\HttpKernel\Exception\NotFoundHttpException: No route found for "GET /bundles/qiissgeneral/images/message3.jpg" (uncaught exception) at /opt/lampp/htdocs/qiiss/app/cache/prod/classes.php line 5078 [] []
[2012-11-20 02:09:55] request.ERROR: Symfony\Component\HttpKernel\Exception\NotFoundHttpException: No route found for "GET /bundles/qiissgeneral/images/message3.jpg" (uncaught exception) at /opt/lampp/htdocs/qiiss/app/cache/prod/classes.php line 5078 [] []
[2012-11-20 02:09:55] request.ERROR: Symfony\Component\HttpKernel\Exception\NotFoundHttpException: No route found for "GET /bundles/qiissgeneral/images/message5.jpg" (uncaught exception) at /opt/lampp/htdocs/qiiss/app/cache/prod/classes.php line 5078 [] []
[2012-11-20 02:10:29] request.ERROR: Symfony\Component\HttpKernel\Exception\NotFoundHttpException: No route found for "GET /bundles/qiissgeneral/images/message3.jpg" (uncaught exception) at /opt/lampp/htdocs/qiiss/vendor/symfony/symfony/src/Symfony/Component/HttpKernel/EventListener/RouterListener.php line 92 [] []
[2012-11-20 02:10:29] request.ERROR: Symfony\Component\HttpKernel\Exception\NotFoundHttpException: No route found for "GET /bundles/qiissgeneral/images/message5.jpg" (uncaught exception) at /opt/lampp/htdocs/qiiss/vendor/symfony/symfony/src/Symfony/Component/HttpKernel/EventListener/RouterListener.php line 92 [] []
[2012-11-20 02:10:35] request.ERROR: Symfony\Component\HttpKernel\Exception\NotFoundHttpException: No route found for "GET /bundles/qiissgeneral/images/message5.jpg" (uncaught exception) at /opt/lampp/htdocs/qiiss/vendor/symfony/symfony/src/Symfony/Component/HttpKernel/EventListener/RouterListener.php line 92 [] []
[2012-11-20 03:19:22] request.ERROR: Symfony\Component\HttpKernel\Exception\NotFoundHttpException: No route found for "GET /" (uncaught exception) at /opt/lampp/htdocs/qiiss/app/cache/prod/classes.php line 5078 [] []
[2012-11-20 03:19:32] request.ERROR: Symfony\Component\HttpKernel\Exception\NotFoundHttpException: No route found for "GET /bundles/qiissgeneral/images/message5.jpg" (uncaught exception) at /opt/lampp/htdocs/qiiss/app/cache/prod/classes.php line 5078 [] []
[2012-11-20 03:19:32] request.ERROR: Symfony\Component\HttpKernel\Exception\NotFoundHttpException: No route found for "GET /bundles/qiissgeneral/images/home-page-images/message3.jpg" (uncaught exception) at /opt/lampp/htdocs/qiiss/app/cache/prod/classes.php line 5078 [] []
[2012-11-20 03:19:33] request.ERROR: Symfony\Component\HttpKernel\Exception\NotFoundHttpException: No route found for "GET /bundles/qiissgeneral/images/home-page-images/message3.jpg" (uncaught exception) at /opt/lampp/htdocs/qiiss/app/cache/prod/classes.php line 5078 [] []
[2012-11-20 03:19:33] request.ERROR: Symfony\Component\HttpKernel\Exception\NotFoundHttpException: No route found for "GET /bundles/qiissgeneral/images/message5.jpg" (uncaught exception) at /opt/lampp/htdocs/qiiss/app/cache/prod/classes.php line 5078 [] []
[2012-11-20 03:53:49] request.ERROR: Symfony\Component\HttpKernel\Exception\NotFoundHttpException: No route found for "GET /bundles/qiissgeneral/images/message3.jpg" (uncaught exception) at /opt/lampp/htdocs/qiiss/app/cache/prod/classes.php line 5078 [] []
[2012-11-20 03:53:49] request.ERROR: Symfony\Component\HttpKernel\Exception\NotFoundHttpException: No route found for "GET /bundles/qiissgeneral/images/message5.jpg" (uncaught exception) at /opt/lampp/htdocs/qiiss/app/cache/prod/classes.php line 5078 [] []
[2012-11-20 03:54:12] request.ERROR: Symfony\Component\HttpKernel\Exception\NotFoundHttpException: No route found for "GET /bundles/qiissgeneral/images/message3.jpg" (uncaught exception) at /opt/lampp/htdocs/qiiss/app/cache/prod/classes.php line 5078 [] []
[2012-11-20 03:54:12] request.ERROR: Symfony\Component\HttpKernel\Exception\NotFoundHttpException: No route found for "GET /bundles/qiissgeneral/images/message5.jpg" (uncaught exception) at /opt/lampp/htdocs/qiiss/app/cache/prod/classes.php line 5078 [] []
[2012-11-20 03:54:15] request.ERROR: Symfony\Component\HttpKernel\Exception\NotFoundHttpException: No route found for "GET /bundles/qiissgeneral/images/message3.jpg" (uncaught exception) at /opt/lampp/htdocs/qiiss/app/cache/prod/classes.php line 5078 [] []
[2012-11-20 03:54:15] request.ERROR: Symfony\Component\HttpKernel\Exception\NotFoundHttpException: No route found for "GET /bundles/qiissgeneral/images/message5.jpg" (uncaught exception) at /opt/lampp/htdocs/qiiss/app/cache/prod/classes.php line 5078 [] []
[2012-11-20 03:54:40] request.ERROR: Symfony\Component\HttpKernel\Exception\NotFoundHttpException: No route found for "GET /bundles/qiissgeneral/images/message5.jpg" (uncaught exception) at /opt/lampp/htdocs/qiiss/app/cache/prod/classes.php line 5078 [] []
[2012-11-20 03:55:27] request.ERROR: Symfony\Component\HttpKernel\Exception\NotFoundHttpException: No route found for "GET /bundles/qiissgeneral/images/message3.jpg" (uncaught exception) at /opt/lampp/htdocs/qiiss/app/cache/prod/classes.php line 5078 [] []
[2012-11-20 03:55:42] request.ERROR: Symfony\Component\HttpKernel\Exception\NotFoundHttpException: No route found for "GET /bundles/qiissgeneral/images/message3.jpg" (uncaught exception) at /opt/lampp/htdocs/qiiss/app/cache/prod/classes.php line 5078 [] []
[2012-11-20 04:35:44] request.ERROR: Symfony\Component\HttpKernel\Exception\NotFoundHttpException: No route found for "GET /bundles/qiissgeneral/js/splash/splash.jss" (uncaught exception) at /opt/lampp/htdocs/qiiss/app/cache/prod/classes.php line 5078 [] []
[2012-11-20 04:36:44] request.ERROR: Symfony\Component\HttpKernel\Exception\NotFoundHttpException: No route found for "GET /bundles/qiissgeneral/js/faq.js" (uncaught exception) at /opt/lampp/htdocs/qiiss/app/cache/prod/classes.php line 5078 [] []
[2012-11-20 04:37:22] request.ERROR: Symfony\Component\HttpKernel\Exception\NotFoundHttpException: No route found for "GET /bundles/qiissgeneral/js/spalsh/faq.js" (uncaught exception) at /opt/lampp/htdocs/qiiss/app/cache/prod/classes.php line 5078 [] []
[2012-11-20 04:37:29] request.ERROR: Symfony\Component\HttpKernel\Exception\NotFoundHttpException: No route found for "GET /bundles/qiissgeneral/js/spalsh/faq.js" (uncaught exception) at /opt/lampp/htdocs/qiiss/app/cache/prod/classes.php line 5078 [] []
[2012-11-20 05:37:25] request.ERROR: Symfony\Component\HttpKernel\Exception\NotFoundHttpException: No route found for "GET /bundles/qiissgeneral/js/jquery-1.8.3.min.js" (uncaught exception) at /opt/lampp/htdocs/qiiss/vendor/symfony/symfony/src/Symfony/Component/HttpKernel/EventListener/RouterListener.php line 92 [] []
[2012-11-20 05:37:35] request.ERROR: Symfony\Component\HttpKernel\Exception\NotFoundHttpException: No route found for "GET /bundles/qiissgeneral/js/jquery-1.8.3.min.js" (uncaught exception) at /opt/lampp/htdocs/qiiss/vendor/symfony/symfony/src/Symfony/Component/HttpKernel/EventListener/RouterListener.php line 92 [] []
[2012-11-20 07:09:50] request.ERROR: Symfony\Component\HttpKernel\Exception\NotFoundHttpException: No route found for "GET /bundles/qiissgeneral/js/jquery-1.8.3.min.js" (uncaught exception) at /opt/lampp/htdocs/qiiss/app/cache/prod/classes.php line 5078 [] []
[2012-11-22 02:52:33] request.ERROR: Symfony\Component\HttpKernel\Exception\NotFoundHttpException: No route found for "GET /" (uncaught exception) at /Users/bicnarker/Sites/Qiiss-Symfony/vendor/symfony/symfony/src/Symfony/Component/HttpKernel/EventListener/RouterListener.php line 92 [] []
[2012-11-22 02:52:36] request.ERROR: Symfony\Component\HttpKernel\Exception\NotFoundHttpException: No route found for "GET /" (uncaught exception) at /Users/bicnarker/Sites/Qiiss-Symfony/vendor/symfony/symfony/src/Symfony/Component/HttpKernel/EventListener/RouterListener.php line 92 [] []
[2012-11-22 02:52:43] request.ERROR: Symfony\Component\HttpKernel\Exception\NotFoundHttpException: No route found for "GET /" (uncaught exception) at /Users/bicnarker/Sites/Qiiss-Symfony/app/cache/prod/classes.php line 5078 [] []
[2012-11-22 02:52:58] request.ERROR: Symfony\Component\HttpKernel\Exception\NotFoundHttpException: No route found for "GET /" (uncaught exception) at /Users/bicnarker/Sites/Qiiss-Symfony/app/cache/prod/classes.php line 5078 [] []
[2012-11-22 02:52:59] request.ERROR: Symfony\Component\HttpKernel\Exception\NotFoundHttpException: No route found for "GET /" (uncaught exception) at /Users/bicnarker/Sites/Qiiss-Symfony/app/cache/prod/classes.php line 5078 [] []
[2012-11-22 02:52:59] request.ERROR: Symfony\Component\HttpKernel\Exception\NotFoundHttpException: No route found for "GET /" (uncaught exception) at /Users/bicnarker/Sites/Qiiss-Symfony/app/cache/prod/classes.php line 5078 [] []
[2012-11-22 02:53:00] request.ERROR: Symfony\Component\HttpKernel\Exception\NotFoundHttpException: No route found for "GET /" (uncaught exception) at /Users/bicnarker/Sites/Qiiss-Symfony/app/cache/prod/classes.php line 5078 [] []
